<?xml version="1.0" encoding="UTF-8"?>
<!-- Generated by org.testng.reporters.JUnitReportReporter -->
<testsuite hostname="DESKTOP-6RR23G9" failures="0" tests="1" name="Selenium_Program.WebAutomation" time="13.362" errors="0" timestamp="2025-06-24T12:03:28 IST" skipped="0">
  <testcase classname="Selenium_Program.WebAutomation" name="ValidateLoginPage" time="13.362"/>
</testsuite> <!-- Selenium_Program.WebAutomation -->
